Scavaging Scot/Temp/gradleOut/EasyMobile/build/outputs/logs/manifest-merger-release-report.txt
-- Merging decision tree log ---
manifest
ADDED from gradleOut\EasyMobile\AndroidManifest.xml:8:1-15:12
INJECTED from gradleOut\EasyMobile\AndroidManifest.xml:8:1-15:12
INJECTED from gradleOut\EasyMobile\AndroidManifest.xml:8:1-15:12
	package
		ADDED from gradleOut\EasyMobile\AndroidManifest.xml:10:5-43
		INJECTED from gradleOut\EasyMobile\AndroidManifest.xml
		INJECTED from gradleOut\EasyMobile\AndroidManifest.xml
	xmlns:tools
		ADDED from gradleOut\EasyMobile\AndroidManifest.xml:9:5-51
	xmlns:android
		ADDED from gradleOut\EasyMobile\AndroidManifest.xml:8:11-69
application
ADDED from gradleOut\EasyMobile\AndroidManifest.xml:12:5-13:19
uses-sdk
INJECTED from gradleOut\EasyMobile\AndroidManifest.xml reason: use-sdk injection requested
INJECTED from gradleOut\EasyMobile\AndroidManifest.xml
INJECTED from gradleOut\EasyMobile\AndroidManifest.xml
	android:targetSdkVersion
		INJECTED from gradleOut\EasyMobile\AndroidManifest.xml
		ADDED from gradleOut\EasyMobile\AndroidManifest.xml
		INJECTED from gradleOut\EasyMobile\AndroidManifest.xml